Release 13.4 - xst O.87xd (lin64)
Copyright (c) 1995-2011 Xilinx, Inc.  All rights reserved.
--> 
Parameter TMPDIR set to xst/projnav.tmp


Total REAL time to Xst completion: 0.00 secs
Total CPU time to Xst completion: 0.13 secs
 
--> 
Parameter xsthdpdir set to xst


Total REAL time to Xst completion: 0.00 secs
Total CPU time to Xst completion: 0.13 secs
 
--> 
Reading design: compteurlent.prj

TABLE OF CONTENTS
  1) Synthesis Options Summary
  2) HDL Parsing
  3) HDL Elaboration
  4) HDL Synthesis
       4.1) HDL Synthesis Report
  5) Advanced HDL Synthesis
       5.1) Advanced HDL Synthesis Report
  6) Low Level Synthesis
  7) Partition Report
  8) Design Summary
       8.1) Primitive and Black Box Usage
       8.2) Device utilization summary
       8.3) Partition Resource Summary
       8.4) Timing Report
            8.4.1) Clock Information
            8.4.2) Asynchronous Control Signals Information
            8.4.3) Timing Summary
            8.4.4) Timing Details
            8.4.5) Cross Clock Domains Report


=========================================================================
*                      Synthesis Options Summary                        *
=========================================================================
---- Source Parameters
Input File Name                    : "compteurlent.prj"
Ignore Synthesis Constraint File   : NO

---- Target Parameters
Output File Name                   : "compteurlent"
Output Format                      : NGC
Target Device                      : xc6slx16-3-csg324

---- Source Options
Top Module Name                    : compteurlent
Automatic FSM Extraction           : YES
FSM Encoding Algorithm             : Auto
Safe Implementation                : No
FSM Style                          : LUT
RAM Extraction                     : Yes
RAM Style                          : Auto
ROM Extraction                     : Yes
Shift Register Extraction          : YES
ROM Style                          : Auto
Resource Sharing                   : YES
Asynchronous To Synchronous        : NO
Shift Register Minimum Size        : 2
Use DSP Block                      : Auto
Automatic Register Balancing       : No

---- Target Options
LUT Combining                      : Auto
Reduce Control Sets                : Auto
Add IO Buffers                     : YES
Global Maximum Fanout              : 100000
Add Generic Clock Buffer(BUFG)     : 16
Register Duplication               : YES
Optimize Instantiated Primitives   : NO
Use Clock Enable                   : Auto
Use Synchronous Set                : Auto
Use Synchronous Reset              : Auto
Pack IO Registers into IOBs        : Auto
Equivalent register Removal        : YES

---- General Options
Optimization Goal                  : Speed
Optimization Effort                : 1
Power Reduction                    : NO
Keep Hierarchy                     : No
Netlist Hierarchy                  : As_Optimized
RTL Output                         : Yes
Global Optimization                : AllClockNets
Read Cores                         : YES
Write Timing Constraints           : NO
Cross Clock Analysis               : NO
Hierarchy Separator                : /
Bus Delimiter                      : <>
Case Specifier                     : Maintain
Slice Utilization Ratio            : 100
BRAM Utilization Ratio             : 100
DSP48 Utilization Ratio            : 100
Auto BRAM Packing                  : NO
Slice Utilization Ratio Delta      : 5

=========================================================================

INFO:Xst - Part-select index evaluated to out of bound value may lead to incorrect synthesis results; it is recommended not to use them in RTL

=========================================================================
*                          HDL Parsing                                  *
=========================================================================
Parsing VHDL file "/home/asalazar/Documents/VHDL/compteur8/diviseur.vhd" into library work
Parsing entity <diviseur>.
Parsing architecture <Behavioral> of entity <diviseur>.
Parsing VHDL file "/home/asalazar/Documents/VHDL/compteur8/compteur.vhd" into library work
Parsing entity <compteur>.
Parsing architecture <struct> of entity <compteur>.
Parsing VHDL file "/home/asalazar/Documents/VHDL/compteur8/compteurlent.vhd" into library work
Parsing entity <compteurlent>.
Parsing architecture <Behavioral> of entity <compteurlent>.

=========================================================================
*                            HDL Elaboration                            *
=========================================================================

Elaborating entity <compteurlent> (architecture <Behavioral>) from library <work>.

Elaborating entity <diviseur> (architecture <Behavioral>) from library <work>.

Elaborating entity <compteur> (architecture <struct>) from library <work>.

=========================================================================
*                           HDL Synthesis                               *
=========================================================================

Synthesizing Unit <compteurlent>.
    Related source file is "/home/asalazar/Documents/VHDL/compteur8/compteurlent.vhd".
    Summary:
	no macro.
Unit <compteurlent> synthesized.

Synthesizing Unit <diviseur>.
    Related source file is "/home/asalazar/Documents/VHDL/compteur8/diviseur.vhd".
    Found 32-bit register for signal <i>.
    Found 32-bit adder for signal <i[32]_GND_5_o_add_1_OUT> created at line 1241.
    Summary:
	inferred   1 Adder/Subtractor(s).
	inferred  32 D-type flip-flop(s).
Unit <diviseur> synthesized.

Synthesizing Unit <compteur>.
    Related source file is "/home/asalazar/Documents/VHDL/compteur8/compteur.vhd".
    Found 8-bit register for signal <dout>.
    Found 8-bit register for signal <preout>.
    Found 8-bit adder for signal <preout[7]_GND_6_o_add_0_OUT> created at line 1241.
    Summary:
	inferred   1 Adder/Subtractor(s).
	inferred  16 D-type flip-flop(s).
	inferred   1 Multiplexer(s).
Unit <compteur> synthesized.

=========================================================================
HDL Synthesis Report

Macro Statistics
# Adders/Subtractors                                   : 2
 32-bit adder                                          : 1
 8-bit adder                                           : 1
# Registers                                            : 3
 32-bit register                                       : 1
 8-bit register                                        : 2
# Multiplexers                                         : 1
 8-bit 2-to-1 multiplexer                              : 1

=========================================================================

=========================================================================
*                       Advanced HDL Synthesis                          *
=========================================================================


Synthesizing (advanced) Unit <compteur>.
The following registers are absorbed into counter <preout>: 1 register on signal <preout>.
Unit <compteur> synthesized (advanced).

Synthesizing (advanced) Unit <diviseur>.
The following registers are absorbed into counter <i>: 1 register on signal <i>.
Unit <diviseur> synthesized (advanced).

=========================================================================
Advanced HDL Synthesis Report

Macro Statistics
# Counters                                             : 2
 32-bit up counter                                     : 1
 8-bit up counter                                      : 1
# Registers                                            : 8
 Flip-Flops                                            : 8

=========================================================================

=========================================================================
*                         Low Level Synthesis                           *
=========================================================================

Optimizing unit <compteurlent> ...

Optimizing unit <compteur> ...

Mapping all equations...
Building and optimizing final netlist ...
Found area constraint ratio of 100 (+ 5) on block compteurlent, actual ratio is 0.

Final Macro Processing ...

=========================================================================
Final Register Report

Macro Statistics
# Registers                                            : 48
 Flip-Flops                                            : 48

=========================================================================

=========================================================================
*                           Partition Report                            *
=========================================================================

Partition Implementation Status
-------------------------------

  No Partitions were found in this design.

-------------------------------

=========================================================================
*                            Design Summary                             *
=========================================================================

Top Level Output File Name         : compteurlent.ngc

Primitive and Black Box Usage:
------------------------------
# BELS                             : 166
#      GND                         : 1
#      INV                         : 3
#      LUT1                        : 31
#      LUT2                        : 33
#      LUT3                        : 9
#      LUT6                        : 10
#      MUXCY                       : 38
#      VCC                         : 1
#      XORCY                       : 40
# FlipFlops/Latches                : 48
#      FD                          : 40
#      FDRE                        : 8
# Clock Buffers                    : 1
#      BUFGP                       : 1
# IO Buffers                       : 19
#      IBUF                        : 11
#      OBUF                        : 8

Device utilization summary:
---------------------------

Selected Device : 6slx16csg324-3 


Slice Logic Utilization: 
 Number of Slice Registers:              48  out of  18224     0%  
 Number of Slice LUTs:                   86  out of   9112     0%  
    Number used as Logic:                86  out of   9112     0%  

Slice Logic Distribution: 
 Number of LUT Flip Flop pairs used:     93
   Number with an unused Flip Flop:      45  out of     93    48%  
   Number with an unused LUT:             7  out of     93     7%  
   Number of fully used LUT-FF pairs:    41  out of     93    44%  
   Number of unique control sets:         3

IO Utilization: 
 Number of IOs:                          20
 Number of bonded IOBs:                  20  out of    232     8%  

Specific Feature Utilization:
 Number of BUFG/BUFGCTRLs:                1  out of     16     6%  

---------------------------
Partition Resource Summary:
---------------------------

  No Partitions were found in this design.

---------------------------


=========================================================================
Timing Report

NOTE: THESE TIMING NUMBERS ARE ONLY A SYNTHESIS ESTIMATE.
      FOR ACCURATE TIMING INFORMATION PLEASE REFER TO THE TRACE REPORT
      GENERATED AFTER PLACE-and-ROUTE.

Clock Information:
------------------
-------------------------------------+------------------------+-------+
Clock Signal                         | Clock buffer(FF name)  | Load  |
-------------------------------------+------------------------+-------+
internal_clk_1hz(internal_clk_1hz7:O)| NONE(*)(u2/preout_7)   | 16    |
clk                                  | BUFGP                  | 32    |
-------------------------------------+------------------------+-------+
(*) This 1 clock signal(s) are generated by combinatorial logic,
and XST is not able to identify which are the primary clock signals.
Please use the CLOCK_SIGNAL constraint to specify the clock signal(s) generated by combinatorial logic.
INFO:Xst:2169 - HDL ADVISOR - Some clock signals were not automatically buffered by XST with BUFG/BUFR resources. Please use the buffer_type constraint in order to insert these buffers to the clock signals to help prevent skew problems.

Asynchronous Control Signals Information:
----------------------------------------
No asynchronous control signals found in this design

Timing Summary:
---------------
Speed Grade: -3

   Minimum period: 4.671ns (Maximum Frequency: 214.091MHz)
   Minimum input arrival time before clock: 3.869ns
   Maximum output required time after clock: 3.597ns
   Maximum combinational path delay: No path found

Timing Details:
---------------
All values displayed in nanoseconds (ns)

=========================================================================
Timing constraint: Default period analysis for Clock 'internal_clk_1hz'
  Clock period: 1.939ns (frequency: 515.663MHz)
  Total number of paths / destination ports: 44 / 16
-------------------------------------------------------------------------
Delay:               1.939ns (Levels of Logic = 9)
  Source:            u2/preout_0 (FF)
  Destination:       u2/preout_7 (FF)
  Source Clock:      internal_clk_1hz rising
  Destination Clock: internal_clk_1hz rising

  Data Path: u2/preout_0 to u2/preout_7
                                Gate     Net
    Cell:in->out      fanout   Delay   Delay  Logical Name (Net Name)
    ----------------------------------------  ------------
     FDRE:C->Q             2   0.447   0.721  u2/preout_0 (u2/preout_0)
     LUT3:I1->O            1   0.203   0.000  u2/Mcount_preout_lut<0> (u2/Mcount_preout_lut<0>)
     MUXCY:S->O            1   0.172   0.000  u2/Mcount_preout_cy<0> (u2/Mcount_preout_cy<0>)
     MUXCY:CI->O           1   0.019   0.000  u2/Mcount_preout_cy<1> (u2/Mcount_preout_cy<1>)
     MUXCY:CI->O           1   0.019   0.000  u2/Mcount_preout_cy<2> (u2/Mcount_preout_cy<2>)
     MUXCY:CI->O           1   0.019   0.000  u2/Mcount_preout_cy<3> (u2/Mcount_preout_cy<3>)
     MUXCY:CI->O           1   0.019   0.000  u2/Mcount_preout_cy<4> (u2/Mcount_preout_cy<4>)
     MUXCY:CI->O           1   0.019   0.000  u2/Mcount_preout_cy<5> (u2/Mcount_preout_cy<5>)
     MUXCY:CI->O           0   0.019   0.000  u2/Mcount_preout_cy<6> (u2/Mcount_preout_cy<6>)
     XORCY:CI->O           1   0.180   0.000  u2/Mcount_preout_xor<7> (u2/Mcount_preout7)
     FDRE:D                    0.102          u2/preout_7
    ----------------------------------------
    Total                      1.939ns (1.218ns logic, 0.721ns route)
                                       (62.8% logic, 37.2% route)

=========================================================================
Timing constraint: Default period analysis for Clock 'clk'
  Clock period: 4.671ns (frequency: 214.091MHz)
  Total number of paths / destination ports: 1552 / 32
-------------------------------------------------------------------------
Delay:               4.671ns (Levels of Logic = 4)
  Source:            u1/i_25 (FF)
  Destination:       u1/i_1 (FF)
  Source Clock:      clk rising
  Destination Clock: clk rising

  Data Path: u1/i_25 to u1/i_1
                                Gate     Net
    Cell:in->out      fanout   Delay   Delay  Logical Name (Net Name)
    ----------------------------------------  ------------
     FD:C->Q               2   0.447   0.981  u1/i_25 (u1/i_25)
     LUT6:I0->O            1   0.203   0.580  internal_clk_1hz1 (internal_clk_1hz1)
     LUT3:I2->O            5   0.205   0.715  internal_clk_1hz2 (internal_clk_1hz2)
     LUT6:I5->O           17   0.205   1.028  internal_clk_1hz7 (internal_clk_1hz)
     LUT2:I1->O            1   0.205   0.000  u1/i_1_rstpot (u1/i_1_rstpot)
     FD:D                      0.102          u1/i_1
    ----------------------------------------
    Total                      4.671ns (1.367ns logic, 3.304ns route)
                                       (29.3% logic, 70.7% route)

=========================================================================
Timing constraint: Default OFFSET IN BEFORE for Clock 'internal_clk_1hz'
  Total number of paths / destination ports: 104 / 24
-------------------------------------------------------------------------
Offset:              3.407ns (Levels of Logic = 2)
  Source:            set (PAD)
  Destination:       u2/preout_7 (FF)
  Destination Clock: internal_clk_1hz rising

  Data Path: set to u2/preout_7
                                Gate     Net
    Cell:in->out      fanout   Delay   Delay  Logical Name (Net Name)
    ----------------------------------------  ------------
     IBUF:I->O            10   1.222   0.857  set_IBUF (set_IBUF)
     LUT2:I1->O            8   0.205   0.802  u2/_n0018_inv1 (u2/_n0018_inv)
     FDRE:CE                   0.322          u2/preout_0
    ----------------------------------------
    Total                      3.407ns (1.749ns logic, 1.659ns route)
                                       (51.3% logic, 48.7% route)

=========================================================================
Timing constraint: Default OFFSET IN BEFORE for Clock 'clk'
  Total number of paths / destination ports: 32 / 32
-------------------------------------------------------------------------
Offset:              3.869ns (Levels of Logic = 3)
  Source:            nrst (PAD)
  Destination:       u1/i_1 (FF)
  Destination Clock: clk rising

  Data Path: nrst to u1/i_1
                                Gate     Net
    Cell:in->out      fanout   Delay   Delay  Logical Name (Net Name)
    ----------------------------------------  ------------
     IBUF:I->O             6   1.222   1.109  nrst_IBUF (nrst_IBUF)
     LUT6:I0->O           17   0.203   1.028  internal_clk_1hz7 (internal_clk_1hz)
     LUT2:I1->O            1   0.205   0.000  u1/i_1_rstpot (u1/i_1_rstpot)
     FD:D                      0.102          u1/i_1
    ----------------------------------------
    Total                      3.869ns (1.732ns logic, 2.137ns route)
                                       (44.8% logic, 55.2% route)

=========================================================================
Timing constraint: Default OFFSET OUT AFTER for Clock 'internal_clk_1hz'
  Total number of paths / destination ports: 8 / 8
-------------------------------------------------------------------------
Offset:              3.597ns (Levels of Logic = 1)
  Source:            u2/dout_7 (FF)
  Destination:       dout<7> (PAD)
  Source Clock:      internal_clk_1hz rising

  Data Path: u2/dout_7 to dout<7>
                                Gate     Net
    Cell:in->out      fanout   Delay   Delay  Logical Name (Net Name)
    ----------------------------------------  ------------
     FD:C->Q               1   0.447   0.579  u2/dout_7 (u2/dout_7)
     OBUF:I->O                 2.571          dout_7_OBUF (dout<7>)
    ----------------------------------------
    Total                      3.597ns (3.018ns logic, 0.579ns route)
                                       (83.9% logic, 16.1% route)

=========================================================================

Cross Clock Domains Report:
--------------------------

Clock to Setup on destination clock clk
---------------+---------+---------+---------+---------+
               | Src:Rise| Src:Fall| Src:Rise| Src:Fall|
Source Clock   |Dest:Rise|Dest:Rise|Dest:Fall|Dest:Fall|
---------------+---------+---------+---------+---------+
clk            |    4.671|         |         |         |
---------------+---------+---------+---------+---------+

Clock to Setup on destination clock internal_clk_1hz
----------------+---------+---------+---------+---------+
                | Src:Rise| Src:Fall| Src:Rise| Src:Fall|
Source Clock    |Dest:Rise|Dest:Rise|Dest:Fall|Dest:Fall|
----------------+---------+---------+---------+---------+
internal_clk_1hz|    1.939|         |         |         |
----------------+---------+---------+---------+---------+

=========================================================================


Total REAL time to Xst completion: 5.00 secs
Total CPU time to Xst completion: 4.49 secs
 
--> 


Total memory usage is 387980 kilobytes

Number of errors   :    0 (   0 filtered)
Number of warnings :    0 (   0 filtered)
Number of infos    :    2 (   0 filtered)

